[WebServer] Starting on 0.0.0.0:5001
 * Serving Flask app 'web_server'
 * Debug mode: off
WARNING: This is a development server. Do not use it in a production deployment. Use a production WSGI server instead.
 * Running on all addresses (0.0.0.0)
 * Running on http://127.0.0.1:5001
 * Running on http://10.0.0.178:5001
Press CTRL+C to quit
[API] POST /api/attack/rolljam/start from 127.0.0.1
[2026-01-14 03:14:58,455] ERROR in app: Exception on /api/attack/rolljam/start [POST]
Traceback (most recent call last):
  File "/usr/lib/python3/dist-packages/flask/app.py", line 1511, in wsgi_app
    response = self.full_dispatch_request()
  File "/usr/lib/python3/dist-packages/flask/app.py", line 919, in full_dispatch_request
    rv = self.handle_user_exception(e)
  File "/home/hilary/.local/lib/python3.13/site-packages/flask_cors/extension.py", line 176, in wrapped_function
    return cors_after_request(app.make_response(f(*args, **kwargs)))
                                                ~^^^^^^^^^^^^^^^^^
  File "/usr/lib/python3/dist-packages/flask/app.py", line 917, in full_dispatch_request
    rv = self.dispatch_request()
  File "/usr/lib/python3/dist-packages/flask/app.py", line 902, in dispatch_request
    return self.ensure_sync(self.view_functions[rule.endpoint])(**view_args)  # type: ignore[no-any-return]
           ~~~~~~~~~~~~~~~~~~~~~~~~~~~~~~~~~~~~~~~~~~~~~~~~~~~~^^^^^^^^^^^^^
  File "/home/hilary/hacked/web_server.py", line 328, in rolljam_start
    if rj.running:
       ^^^^^^^^^^
AttributeError: 'NoneType' object has no attribute 'running'
127.0.0.1 - - [14/Jan/2026 03:14:58] "POST /api/attack/rolljam/start HTTP/1.1" 500 -
[API] POST /api/attack/rolljam/stop from 127.0.0.1
[2026-01-14 03:15:00,511] ERROR in app: Exception on /api/attack/rolljam/stop [POST]
Traceback (most recent call last):
  File "/usr/lib/python3/dist-packages/flask/app.py", line 1511, in wsgi_app
    response = self.full_dispatch_request()
  File "/usr/lib/python3/dist-packages/flask/app.py", line 919, in full_dispatch_request
    rv = self.handle_user_exception(e)
  File "/home/hilary/.local/lib/python3.13/site-packages/flask_cors/extension.py", line 176, in wrapped_function
    return cors_after_request(app.make_response(f(*args, **kwargs)))
                                                ~^^^^^^^^^^^^^^^^^
  File "/usr/lib/python3/dist-packages/flask/app.py", line 917, in full_dispatch_request
    rv = self.dispatch_request()
  File "/usr/lib/python3/dist-packages/flask/app.py", line 902, in dispatch_request
    return self.ensure_sync(self.view_functions[rule.endpoint])(**view_args)  # type: ignore[no-any-return]
           ~~~~~~~~~~~~~~~~~~~~~~~~~~~~~~~~~~~~~~~~~~~~~~~~~~~~^^^^^^^^^^^^^
  File "/home/hilary/hacked/web_server.py", line 351, in rolljam_stop
    rj.stop()
    ^^^^^^^
AttributeError: 'NoneType' object has no attribute 'stop'
127.0.0.1 - - [14/Jan/2026 03:15:00] "POST /api/attack/rolljam/stop HTTP/1.1" 500 -
